<?xml version="1.0" encoding="UTF-8"?>
<testng-results ignored="0" total="1" passed="1" failed="0" skipped="0">
  <reporter-output>
  </reporter-output>
  <suite started-at="2023-05-30T17:11:47 IST" name="Default suite" finished-at="2023-05-30T17:11:48 IST" duration-ms="1052">
    <groups>
    </groups>
    <test started-at="2023-05-30T17:11:47 IST" name="Default test" finished-at="2023-05-30T17:11:48 IST" duration-ms="1052">
      <class name="testClass_Profile_Update.LoginTest">
        <test-method is-config="true" signature="initializations()[pri:0, instance:testClass_Profile_Update.LoginTest@7cc0cdad]" started-at="2023-05-30T17:10:34 IST" name="initializations" finished-at="2023-05-30T17:11:47 IST" duration-ms="72968" status="PASS">
          <reporter-output>
          </reporter-output>
        </test-method> <!-- initializations -->
        <test-method is-config="true" signature="initialization()[pri:0, instance:testClass_Profile_Update.LoginTest@7cc0cdad]" started-at="2023-05-30T17:11:47 IST" name="initialization" finished-at="2023-05-30T17:11:47 IST" duration-ms="43" status="PASS">
          <reporter-output>
          </reporter-output>
        </test-method> <!-- initialization -->
        <test-method signature="Login()[pri:0, instance:testClass_Profile_Update.LoginTest@7cc0cdad]" started-at="2023-05-30T17:11:47 IST" name="Login" finished-at="2023-05-30T17:11:48 IST" duration-ms="929" status="PASS">
          <reporter-output>
          </reporter-output>
        </test-method> <!-- Login -->
      </class> <!-- testClass_Profile_Update.LoginTest -->
    </test> <!-- Default test -->
  </suite> <!-- Default suite -->
</testng-results>
